# Logfile created on 2015-03-03 09:25:31 -0500 by logger.rb/44203
I, [2015-03-03T09:25:31.808190 #5150]  INFO -- : 0:  rake (10.4.2) from /Users/koombea/.rvm/gems/ruby-2.1.0/specifications/rake-10.4.2.gemspec
I, [2015-03-03T09:25:31.808557 #5150]  INFO -- : 0:  i18n (0.7.0) from /Users/koombea/.rvm/gems/ruby-2.1.0/specifications/i18n-0.7.0.gemspec
I, [2015-03-03T09:25:31.808884 #5150]  INFO -- : 0:  json (1.8.2) from /Users/koombea/.rvm/gems/ruby-2.1.0/specifications/json-1.8.2.gemspec
I, [2015-03-03T09:25:31.809167 #5150]  INFO -- : 0:  minitest (5.5.1) from /Users/koombea/.rvm/gems/ruby-2.1.0/specifications/minitest-5.5.1.gemspec
I, [2015-03-03T09:25:31.809424 #5150]  INFO -- : 0:  thread_safe (0.3.4) from /Users/koombea/.rvm/gems/ruby-2.1.0/specifications/thread_safe-0.3.4.gemspec
I, [2015-03-03T09:25:31.809680 #5150]  INFO -- : 0:  tzinfo (1.2.2) from /Users/koombea/.rvm/gems/ruby-2.1.0/specifications/tzinfo-1.2.2.gemspec
I, [2015-03-03T09:25:31.809946 #5150]  INFO -- : 0:  activesupport (4.2.0) from /Users/koombea/.rvm/gems/ruby-2.1.0/specifications/activesupport-4.2.0.gemspec
I, [2015-03-03T09:25:31.810199 #5150]  INFO -- : 0:  builder (3.2.2) from /Users/koombea/.rvm/gems/ruby-2.1.0/specifications/builder-3.2.2.gemspec
I, [2015-03-03T09:25:31.810450 #5150]  INFO -- : 0:  erubis (2.7.0) from /Users/koombea/.rvm/gems/ruby-2.1.0/specifications/erubis-2.7.0.gemspec
I, [2015-03-03T09:25:31.810706 #5150]  INFO -- : 0:  mini_portile (0.6.2) from /Users/koombea/.rvm/gems/ruby-2.1.0/specifications/mini_portile-0.6.2.gemspec
I, [2015-03-03T09:25:31.810954 #5150]  INFO -- : 0:  nokogiri (1.6.6.2) from /Users/koombea/.rvm/gems/ruby-2.1.0/specifications/nokogiri-1.6.6.2.gemspec
I, [2015-03-03T09:25:31.811205 #5150]  INFO -- : 0:  rails-deprecated_sanitizer (1.0.3) from /Users/koombea/.rvm/gems/ruby-2.1.0/specifications/rails-deprecated_sanitizer-1.0.3.gemspec
I, [2015-03-03T09:25:31.811448 #5150]  INFO -- : 0:  rails-dom-testing (1.0.5) from /Users/koombea/.rvm/gems/ruby-2.1.0/specifications/rails-dom-testing-1.0.5.gemspec
I, [2015-03-03T09:25:31.811694 #5150]  INFO -- : 0:  loofah (2.0.1) from /Users/koombea/.rvm/gems/ruby-2.1.0/specifications/loofah-2.0.1.gemspec
I, [2015-03-03T09:25:31.811941 #5150]  INFO -- : 0:  rails-html-sanitizer (1.0.1) from /Users/koombea/.rvm/gems/ruby-2.1.0/specifications/rails-html-sanitizer-1.0.1.gemspec
I, [2015-03-03T09:25:31.812190 #5150]  INFO -- : 0:  actionview (4.2.0) from /Users/koombea/.rvm/gems/ruby-2.1.0/specifications/actionview-4.2.0.gemspec
I, [2015-03-03T09:25:31.812442 #5150]  INFO -- : 0:  rack (1.6.0) from /Users/koombea/.rvm/gems/ruby-2.1.0/specifications/rack-1.6.0.gemspec
I, [2015-03-03T09:25:31.812687 #5150]  INFO -- : 0:  rack-test (0.6.3) from /Users/koombea/.rvm/gems/ruby-2.1.0/specifications/rack-test-0.6.3.gemspec
I, [2015-03-03T09:25:31.812942 #5150]  INFO -- : 0:  actionpack (4.2.0) from /Users/koombea/.rvm/gems/ruby-2.1.0/specifications/actionpack-4.2.0.gemspec
I, [2015-03-03T09:25:33.150320 #5150]  INFO -- : 0:  globalid (0.3.3) from /Users/koombea/.rvm/gems/ruby-2.1.0/specifications/globalid-0.3.3.gemspec
I, [2015-03-03T09:25:33.150635 #5150]  INFO -- : 0:  activejob (4.2.0) from /Users/koombea/.rvm/gems/ruby-2.1.0/specifications/activejob-4.2.0.gemspec
I, [2015-03-03T09:25:33.150841 #5150]  INFO -- : 0:  mime-types (2.4.3) from /Users/koombea/.rvm/gems/ruby-2.1.0/specifications/mime-types-2.4.3.gemspec
I, [2015-03-03T09:25:33.151038 #5150]  INFO -- : 0:  mail (2.6.3) from /Users/koombea/.rvm/gems/ruby-2.1.0/specifications/mail-2.6.3.gemspec
I, [2015-03-03T09:25:33.151242 #5150]  INFO -- : 0:  actionmailer (4.2.0) from /Users/koombea/.rvm/gems/ruby-2.1.0/specifications/actionmailer-4.2.0.gemspec
I, [2015-03-03T09:25:33.151445 #5150]  INFO -- : 0:  activemodel (4.2.0) from /Users/koombea/.rvm/gems/ruby-2.1.0/specifications/activemodel-4.2.0.gemspec
I, [2015-03-03T09:25:33.151635 #5150]  INFO -- : 0:  arel (6.0.0) from /Users/koombea/.rvm/gems/ruby-2.1.0/specifications/arel-6.0.0.gemspec
I, [2015-03-03T09:25:33.151829 #5150]  INFO -- : 0:  activerecord (4.2.0) from /Users/koombea/.rvm/gems/ruby-2.1.0/specifications/activerecord-4.2.0.gemspec
I, [2015-03-03T09:25:34.026024 #5150]  INFO -- : 0:  colorize (0.7.5) from /Users/koombea/.rvm/gems/ruby-2.1.0/specifications/colorize-0.7.5.gemspec
I, [2015-03-03T09:25:34.026383 #5150]  INFO -- : 0:  highline (1.6.21) from /Users/koombea/.rvm/gems/ruby-2.1.0/specifications/highline-1.6.21.gemspec
I, [2015-03-03T09:25:34.026629 #5150]  INFO -- : 0:  hike (1.2.3) from /Users/koombea/.rvm/gems/ruby-2.1.0/specifications/hike-1.2.3.gemspec
I, [2015-03-03T09:25:34.026873 #5150]  INFO -- : 0:  multi_json (1.10.1) from /Users/koombea/.rvm/gems/ruby-2.1.0/specifications/multi_json-1.10.1.gemspec
I, [2015-03-03T09:25:34.027099 #5150]  INFO -- : 0:  bundler (1.5.1) from /Users/koombea/.rvm/gems/ruby-2.1.0@global/specifications/bundler-1.5.1.gemspec
I, [2015-03-03T09:25:34.027331 #5150]  INFO -- : 0:  thor (0.19.1) from /Users/koombea/.rvm/gems/ruby-2.1.0/specifications/thor-0.19.1.gemspec
I, [2015-03-03T09:25:34.027569 #5150]  INFO -- : 0:  railties (4.2.0) from /Users/koombea/.rvm/gems/ruby-2.1.0/specifications/railties-4.2.0.gemspec
I, [2015-03-03T09:25:34.027805 #5150]  INFO -- : 0:  tilt (1.4.1) from /Users/koombea/.rvm/gems/ruby-2.1.0/specifications/tilt-1.4.1.gemspec
I, [2015-03-03T09:25:34.028042 #5150]  INFO -- : 0:  sprockets (2.12.3) from /Users/koombea/.rvm/gems/ruby-2.1.0/specifications/sprockets-2.12.3.gemspec
I, [2015-03-03T09:25:34.028280 #5150]  INFO -- : 0:  sprockets-rails (2.2.4) from /Users/koombea/.rvm/gems/ruby-2.1.0/specifications/sprockets-rails-2.2.4.gemspec
I, [2015-03-03T09:25:34.028517 #5150]  INFO -- : 0:  rails (4.2.0) from /Users/koombea/.rvm/gems/ruby-2.1.0/specifications/rails-4.2.0.gemspec
I, [2015-03-03T09:25:35.044764 #5150]  INFO -- : 0:  wicked_pdf (0.11.0) from /Users/koombea/.rvm/gems/ruby-2.1.0/specifications/wicked_pdf-0.11.0.gemspec
I, [2015-03-03T09:26:01.273267 #5150]  INFO -- : 0:  wkhtmltopdf-binary (0.9.9.3) from /Users/koombea/.rvm/gems/ruby-2.1.0/specifications/wkhtmltopdf-binary-0.9.9.3.gemspec
